<?xml version="1.0" encoding="UTF-8" ?>
<testsuite tests="3" failures="0" name="org.tests.MammalTest" time="0.345" errors="0" skipped="0">
  <properties>
[...]
</properties>
  <testcase classname="org.tests.MammalTest" name="org.tests.MammalTest.test_mammal_cross_breeding" time="0"/>
  <testcase classname="org.tests.MammalTest" name="org.tests.MammalTest.test_mammal_breeding" time="0.345"/>
  <testcase classname="org.tests.MammalTest" name="org.tests.MammalTest.test_mammal_breathing" time="0"/>
</testsuite>